<?xml version="1.0" encoding="UTF-8"?>
<!-- Generated by org.testng.reporters.JUnitReportReporter -->
<testsuite hostname="L-PG02KLQH" failures="0" tests="2" name="com.testNG.testNGthroughxml" time="0.007" errors="0" timestamp="2022-01-18T03:44:10 PST" skipped="0">
  <testcase classname="com.testNG.testNGthroughxml" name="Test1" time="0.006"/>
  <system-out/>
  <testcase classname="com.testNG.testNGthroughxml" name="Test2" time="0.001"/>
  <system-out/>
</testsuite> <!-- com.testNG.testNGthroughxml -->
