<?xml version="1.0" encoding="UTF-8"?>
<!-- Generated by org.testng.reporters.JUnitReportReporter -->
<testsuite hostname="L-PG02KLQH" failures="0" tests="5" name="com.testNG.dataproviders" time="0.009" errors="0" timestamp="2022-01-17T22:20:53 PST" skipped="0">
  <testcase classname="com.testNG.dataproviders" name="testcase1" time="0.002"/>
  <system-out/>
  <testcase classname="com.testNG.dataproviders" name="testcase1" time="0.001"/>
  <system-out/>
  <testcase classname="com.testNG.dataproviders" name="testcase" time="0.005"/>
  <system-out/>
  <testcase classname="com.testNG.dataproviders" name="testcase1" time="0.000"/>
  <system-out/>
  <testcase classname="com.testNG.dataproviders" name="testcase" time="0.001"/>
  <system-out/>
</testsuite> <!-- com.testNG.dataproviders -->
