<?xml version="1.0" encoding="UTF-8"?>
<!-- Generated by org.testng.reporters.JUnitReportReporter -->
<testsuite hostname="L-PG02KLQH" failures="0" tests="2" name="com.testNG.basicannotation" time="0.008" errors="0" timestamp="2022-01-17T08:11:30 PST" skipped="0">
  <testcase classname="com.testNG.basicannotation" name="test10" time="0.005"/>
  <system-out/>
  <testcase classname="com.testNG.basicannotation" name="test5" time="0.003"/>
  <system-out/>
</testsuite> <!-- com.testNG.basicannotation -->
