<?xml version="1.0" encoding="UTF-8"?>
<!-- Generated by org.testng.reporters.JUnitReportReporter -->
<testsuite hostname="L-PG02KLQH" failures="0" tests="4" name="com.testNG.groupingintestNG" time="0.010" errors="0" timestamp="2022-01-17T23:23:20 PST" skipped="0">
  <testcase classname="com.testNG.groupingintestNG" name="Test2" time="0.001"/>
  <system-out/>
  <testcase classname="com.testNG.groupingintestNG" name="Test1" time="0.007"/>
  <system-out/>
  <testcase classname="com.testNG.groupingintestNG" name="Test3" time="0.001"/>
  <system-out/>
  <testcase classname="com.testNG.groupingintestNG" name="Test4" time="0.001"/>
  <system-out/>
</testsuite> <!-- com.testNG.groupingintestNG -->
