<?xml version="1.0" encoding="UTF-8"?>
<!-- Generated by org.testng.reporters.JUnitReportReporter -->
<testsuite hostname="L-PG02KLQH" failures="0" tests="1" name="com.testNG.parameterization" time="0.008" errors="0" timestamp="2022-01-18T00:11:04 PST" skipped="0">
  <testcase classname="com.testNG.parameterization" name="test1" time="0.008"/>
  <system-out/>
</testsuite> <!-- com.testNG.parameterization -->
